<?xml version="1.0" encoding="UTF-8"?>
<!-- Generated by org.testng.reporters.JUnitXMLReporter -->
<testsuite hostname="Home-PC" ignored="0" name="Default test" tests="4" failures="0" timestamp="2021-07-03T14:37:25 IST" time="55.987" errors="0">
  <testcase name="f" time="12.087" classname="com.selenium.pageobject_test.MathCalculator_DataDriven"/>
  <testcase name="f" time="11.801" classname="com.selenium.pageobject_test.MathCalculator_DataDriven"/>
  <testcase name="f" time="7.143" classname="com.selenium.pageobject_test.MathCalculator_DataDriven"/>
  <testcase name="f" time="6.947" classname="com.selenium.pageobject_test.MathCalculator_DataDriven"/>
</testsuite> <!-- Default test -->
