<?xml version="1.0" encoding="UTF-8"?>
<!-- Generated by org.testng.reporters.JUnitXMLReporter -->
<testsuite hostname="Home-PC" ignored="0" name="TestYouLogin" tests="4" failures="0" timestamp="2021-06-26T15:03:54 IST" time="23.68" errors="0">
  <testcase name="addOperation" time="5.519" classname="com.selenium.pageobject_test.Calculator_Test"/>
  <testcase name="subOperation" time="3.589" classname="com.selenium.pageobject_test.Calculator_Test"/>
  <testcase name="divOperation" time="3.577" classname="com.selenium.pageobject_test.Calculator_Test"/>
  <testcase name="mulOperation" time="3.597" classname="com.selenium.pageobject_test.Calculator_Test"/>
</testsuite> <!-- TestYouLogin -->
